#
# There is insufficient memory for the Java Runtime Environment to continue.
# Native memory allocation (malloc) failed to allocate 262160 bytes for Chunk::new
# Possible reasons:
#   The system is out of physical RAM or swap space
#   In 32 bit mode, the process size limit was hit
# Possible solutions:
#   Reduce memory load on the system
#   Increase physical memory or swap space
#   Check if swap backing store is full
#   Use 64 bit Java on a 64 bit OS
#   Decrease Java heap size (-Xmx/-Xms)
#   Decrease number of Java threads
#   Decrease Java thread stack sizes (-Xss)
#   Set larger code cache with -XX:ReservedCodeCacheSize=
# This output file may be truncated or incomplete.
#
#  Out of Memory Error (allocation.cpp:388), pid=2068, tid=2184
#
# JRE version: Java(TM) SE Runtime Environment (8.0-b115) (build 1.8.0-ea-b115)
# Java VM: Java HotSpot(TM) 64-Bit Server VM (25.0-b57 mixed mode windows-amd64 compressed oops)
# Failed to write core dump. Minidumps are not enabled by default on client versions of Windows
#

---------------  T H R E A D  ---------------

Current thread (0x0000000054e58000):  JavaThread "C2 CompilerThread0" daemon [_thread_in_native, id=2184, stack(0x0000000056180000,0x0000000056280000)]

Stack: [0x0000000056180000,0x0000000056280000]
Native frames: (J=compiled Java code, j=interpreted, Vv=VM code, C=native code)
V  [jvm.dll+0x30727a]


Current CompileTask:
C2: 274084 2538   !   4       javafx.scene.CssStyleHelper::transitionToState (1022 bytes)


---------------  P R O C E S S  ---------------

Java Threads: ( => current thread )
  0x0000000058e5a000 JavaThread "FXConnector.SubWindowChecker.StageID [appID=0, stageID=228796517, name=null]" [_thread_blocked, id=4032, stack(0x000000005faf0000,0x000000005fbf0000)]
  0x000000005906e800 JavaThread "Disposer" daemon [_thread_blocked, id=3992, stack(0x000000005d5f0000,0x000000005d6f0000)]
  0x0000000058bf5000 JavaThread "Prism Font Disposer" daemon [_thread_blocked, id=7752, stack(0x000000005c380000,0x000000005c480000)]
  0x00000000569e8800 JavaThread "Thread-3" daemon [_thread_blocked, id=6596, stack(0x0000000057440000,0x0000000057540000)]
  0x00000000569c6800 JavaThread "JavaFX Application Thread" [_thread_in_Java, id=1876, stack(0x00000000575c0000,0x00000000576c0000)]
  0x00000000569bf000 JavaThread "Thread-2" daemon [_thread_blocked, id=6412, stack(0x00000000572b0000,0x00000000573b0000)]
  0x00000000569a0800 JavaThread "QuantumRenderer-0" daemon [_thread_blocked, id=2276, stack(0x0000000057110000,0x0000000057210000)]
  0x00000000568bb800 JavaThread "JavaFX-Launcher" [_thread_blocked, id=3332, stack(0x0000000056d70000,0x0000000056e70000)]
  0x00000000568b3800 JavaThread "Monitor Ctrl-Break" daemon [_thread_in_native, id=5136, stack(0x0000000056c60000,0x0000000056d60000)]
  0x0000000054eba800 JavaThread "Service Thread" daemon [_thread_blocked, id=6316, stack(0x0000000056530000,0x0000000056630000)]
  0x0000000054e5c000 JavaThread "C1 CompilerThread1" daemon [_thread_blocked, id=1492, stack(0x0000000056310000,0x0000000056410000)]
=>0x0000000054e58000 JavaThread "C2 CompilerThread0" daemon [_thread_in_native, id=2184, stack(0x0000000056180000,0x0000000056280000)]
  0x0000000054e56800 JavaThread "Attach Listener" daemon [_thread_blocked, id=2740, stack(0x0000000055f40000,0x0000000056040000)]
  0x0000000054e55800 JavaThread "Signal Dispatcher" daemon [_thread_blocked, id=7232, stack(0x0000000055d00000,0x0000000055e00000)]
  0x0000000054df9000 JavaThread "Finalizer" daemon [_thread_blocked, id=4732, stack(0x0000000055c00000,0x0000000055d00000)]
  0x0000000054df7800 JavaThread "Reference Handler" daemon [_thread_blocked, id=2704, stack(0x00000000558c0000,0x00000000559c0000)]
  0x00000000023ae000 JavaThread "main" [_thread_blocked, id=3044, stack(0x0000000002620000,0x0000000002720000)]

Other Threads:
  0x0000000054df1800 VMThread [stack: 0x0000000055a20000,0x0000000055b20000] [id=5192]
  0x0000000054ebd000 WatcherThread [stack: 0x0000000056730000,0x0000000056830000] [id=3472]

VM state:not at safepoint (normal execution)

VM Mutex/Monitor currently owned by a thread:  ([mutex/lock_event])
[0x00000000023ac690] Safepoint_lock - owner thread: 0x0000000054df1800
[0x00000000023acd90] CompiledIC_lock - owner thread: 0x0000000054e5c000

Heap:
 PSYoungGen      total 19456K, used 18539K [0x00000000eaa80000, 0x00000000ec000000, 0x0000000100000000)
  eden space 16896K, 94% used [0x00000000eaa80000,0x00000000eba1dcb8,0x00000000ebb00000)
  from space 2560K, 99% used [0x00000000ebb00000,0x00000000ebd7d040,0x00000000ebd80000)
  to   space 2560K, 0% used [0x00000000ebd80000,0x00000000ebd80000,0x00000000ec000000)
 ParOldGen       total 43520K, used 7733K [0x00000000c0000000, 0x00000000c2a80000, 0x00000000eaa80000)
  object space 43520K, 17% used [0x00000000c0000000,0x00000000c078d5d0,0x00000000c2a80000)
 Metaspace       used 20159K, capacity 20296K, committed 20352K, reserved 1067008K
  class space    used 3133K, capacity 3159K, committed 3200K, reserved 1048576K

Card table byte_map: [0x0000000011db0000,0x0000000011fc0000] byte_map_base: 0x00000000117b0000

Marking Bits: (ParMarkBitMap*) 0x00000000632cf4f0
 Begin Bits: [0x00000000122c0000, 0x00000000132c0000)
 End Bits:   [0x00000000132c0000, 0x00000000142c0000)

Polling page: 0x0000000000130000

CodeCache: size=245760Kb used=7015Kb max_used=7015Kb free=238744Kb
 bounds [0x00000000029f0000, 0x00000000030e0000, 0x00000000119f0000]
 total_blobs=2932 nmethods=2262 adapters=583
 compilation: enabled

Compilation events (10 events):
Event: 273.894 Thread 0x0000000054e58000 nmethod 2534 0x00000000030cf850 code [0x00000000030cfc60, 0x00000000030d1040]
Event: 273.894 Thread 0x0000000054e5c000 2559       3       com.sun.javafx.geom.Rectangle::isEmpty (20 bytes)
Event: 273.894 Thread 0x0000000054e58000 2538   !   4       javafx.scene.CssStyleHelper::transitionToState (1022 bytes)
Event: 273.894 Thread 0x0000000054e5c000 nmethod 2559 0x00000000030cc290 code [0x00000000030cc3e0, 0x00000000030cc5d0]
Event: 273.991 Thread 0x0000000054e5c000 2563       1       com.sun.javafx.event.CompositeEventHandler$NormalEventHandlerRecord::isDisconnected (2 bytes)
Event: 273.991 Thread 0x0000000054e5c000 nmethod 2563 0x00000000030cd790 code [0x00000000030cd8e0, 0x00000000030cd9f0]
Event: 273.992 Thread 0x0000000054e5c000 2564       3       javafx.scene.layout.VBox::requestLayout (23 bytes)
Event: 273.992 Thread 0x0000000054e5c000 nmethod 2564 0x00000000030cd290 code [0x00000000030cd400, 0x00000000030cd698]
Event: 273.993 Thread 0x0000000054e5c000 2565       3       javafx.scene.control.TreeItem$1::handle (9 bytes)
Event: 273.993 Thread 0x0000000054e5c000 nmethod 2565 0x00000000030cccd0 code [0x00000000030cce40, 0x00000000030cd130]

GC Heap History (6 events):
Event: 1.336 GC heap before
{Heap before GC invocations=1 (full 0):
 PSYoungGen      total 19456K, used 16896K [0x00000000eaa80000, 0x00000000ec000000, 0x0000000100000000)
  eden space 16896K, 100% used [0x00000000eaa80000,0x00000000ebb00000,0x00000000ebb00000)
  from space 2560K, 0% used [0x00000000ebd80000,0x00000000ebd80000,0x00000000ec000000)
  to   space 2560K, 0% used [0x00000000ebb00000,0x00000000ebb00000,0x00000000ebd80000)
 ParOldGen       total 43520K, used 0K [0x00000000c0000000, 0x00000000c2a80000, 0x00000000eaa80000)
  object space 43520K, 0% used [0x00000000c0000000,0x00000000c0000000,0x00000000c2a80000)
 Metaspace       used 9081K, capacity 9218K, committed 9472K, reserved 1056768K
  class space    used 1143K, capacity 1173K, committed 1280K, reserved 1048576K
Event: 1.344 GC heap after
Heap after GC invocations=1 (full 0):
 PSYoungGen      total 19456K, used 2528K [0x00000000eaa80000, 0x00000000ec000000, 0x0000000100000000)
  eden space 16896K, 0% used [0x00000000eaa80000,0x00000000eaa80000,0x00000000ebb00000)
  from space 2560K, 98% used [0x00000000ebb00000,0x00000000ebd78050,0x00000000ebd80000)
  to   space 2560K, 0% used [0x00000000ebd80000,0x00000000ebd80000,0x00000000ec000000)
 ParOldGen       total 43520K, used 248K [0x00000000c0000000, 0x00000000c2a80000, 0x00000000eaa80000)
  object space 43520K, 0% used [0x00000000c0000000,0x00000000c003e000,0x00000000c2a80000)
 Metaspace       used 9081K, capacity 9218K, committed 9472K, reserved 1056768K
  class space    used 1143K, capacity 1173K, committed 1280K, reserved 1048576K
}
Event: 2.649 GC heap before
{Heap before GC invocations=2 (full 0):
 PSYoungGen      total 19456K, used 19424K [0x00000000eaa80000, 0x00000000ec000000, 0x0000000100000000)
  eden space 16896K, 100% used [0x00000000eaa80000,0x00000000ebb00000,0x00000000ebb00000)
  from space 2560K, 98% used [0x00000000ebb00000,0x00000000ebd78050,0x00000000ebd80000)
  to   space 2560K, 0% used [0x00000000ebd80000,0x00000000ebd80000,0x00000000ec000000)
 ParOldGen       total 43520K, used 248K [0x00000000c0000000, 0x00000000c2a80000, 0x00000000eaa80000)
  object space 43520K, 0% used [0x00000000c0000000,0x00000000c003e000,0x00000000c2a80000)
 Metaspace       used 15118K, capacity 15240K, committed 15488K, reserved 1062912K
  class space    used 2333K, capacity 2391K, committed 2432K, reserved 1048576K
Event: 2.663 GC heap after
Heap after GC invocations=2 (full 0):
 PSYoungGen      total 19456K, used 2544K [0x00000000eaa80000, 0x00000000ec000000, 0x0000000100000000)
  eden space 16896K, 0% used [0x00000000eaa80000,0x00000000eaa80000,0x00000000ebb00000)
  from space 2560K, 99% used [0x00000000ebd80000,0x00000000ebffc030,0x00000000ec000000)
  to   space 2560K, 0% used [0x00000000ebb00000,0x00000000ebb00000,0x00000000ebd80000)
 ParOldGen       total 43520K, used 2518K [0x00000000c0000000, 0x00000000c2a80000, 0x00000000eaa80000)
  object space 43520K, 5% used [0x00000000c0000000,0x00000000c02759f0,0x00000000c2a80000)
 Metaspace       used 15118K, capacity 15240K, committed 15488K, reserved 1062912K
  class space    used 2333K, capacity 2391K, committed 2432K, reserved 1048576K
}
Event: 4.559 GC heap before
{Heap before GC invocations=3 (full 0):
 PSYoungGen      total 19456K, used 19440K [0x00000000eaa80000, 0x00000000ec000000, 0x0000000100000000)
  eden space 16896K, 100% used [0x00000000eaa80000,0x00000000ebb00000,0x00000000ebb00000)
  from space 2560K, 99% used [0x00000000ebd80000,0x00000000ebffc030,0x00000000ec000000)
  to   space 2560K, 0% used [0x00000000ebb00000,0x00000000ebb00000,0x00000000ebd80000)
 ParOldGen       total 43520K, used 2518K [0x00000000c0000000, 0x00000000c2a80000, 0x00000000eaa80000)
  object space 43520K, 5% used [0x00000000c0000000,0x00000000c02759f0,0x00000000c2a80000)
 Metaspace       used 19453K, capacity 19656K, committed 19840K, reserved 1067008K
  class space    used 3088K, capacity 3159K, committed 3200K, reserved 1048576K
Event: 4.586 GC heap after
Heap after GC invocations=3 (full 0):
 PSYoungGen      total 19456K, used 2548K [0x00000000eaa80000, 0x00000000ec000000, 0x0000000100000000)
  eden space 16896K, 0% used [0x00000000eaa80000,0x00000000eaa80000,0x00000000ebb00000)
  from space 2560K, 99% used [0x00000000ebb00000,0x00000000ebd7d040,0x00000000ebd80000)
  to   space 2560K, 0% used [0x00000000ebd80000,0x00000000ebd80000,0x00000000ec000000)
 ParOldGen       total 43520K, used 7733K [0x00000000c0000000, 0x00000000c2a80000, 0x00000000eaa80000)
  object space 43520K, 17% used [0x00000000c0000000,0x00000000c078d5d0,0x00000000c2a80000)
 Metaspace       used 19453K, capacity 19656K, committed 19840K, reserved 1067008K
  class space    used 3088K, capacity 3159K, committed 3200K, reserved 1048576K
}

Deoptimization events (10 events):
Event: 273.737 Thread 0x00000000569c6800 Uncommon trap: reason=class_check action=maybe_recompile pc=0x000000000304f2f8 method=com.sun.glass.ui.InvokeLaterDispatcher$Future.run()V @ 4
Event: 273.824 Thread 0x00000000569c6800 Uncommon trap: reason=array_check action=maybe_recompile pc=0x00000000030910f0 method=com.sun.javafx.css.CompoundSelector.applies(Ljavafx/css/Styleable;[Ljava/util/Set;I)Z @ 128
Event: 273.824 Thread 0x00000000569c6800 Uncommon trap: reason=array_check action=maybe_recompile pc=0x00000000030910f0 method=com.sun.javafx.css.CompoundSelector.applies(Ljavafx/css/Styleable;[Ljava/util/Set;I)Z @ 128
Event: 273.824 Thread 0x00000000569c6800 Uncommon trap: reason=array_check action=maybe_recompile pc=0x00000000030910f0 method=com.sun.javafx.css.CompoundSelector.applies(Ljavafx/css/Styleable;[Ljava/util/Set;I)Z @ 128
Event: 273.824 Thread 0x00000000569c6800 Uncommon trap: reason=array_check action=maybe_recompile pc=0x00000000030910f0 method=com.sun.javafx.css.CompoundSelector.applies(Ljavafx/css/Styleable;[Ljava/util/Set;I)Z @ 128
Event: 273.854 Thread 0x00000000569c6800 Uncommon trap: reason=class_check action=maybe_recompile pc=0x0000000003055b84 method=javafx.scene.Scene$ScenePulseListener.pulse()V @ 102
Event: 273.872 Thread 0x00000000569c6800 Uncommon trap: reason=unreached action=reinterpret pc=0x000000000301eaf0 method=javafx.scene.Scene$MouseHandler.updateCursorFrame()V @ 29
Event: 273.872 Thread 0x00000000569bf000 Uncommon trap: reason=unreached action=reinterpret pc=0x0000000002d9b0c4 method=java.util.concurrent.LinkedBlockingDeque.unlinkFirst()Ljava/lang/Object; @ 37
Event: 273.872 Thread 0x00000000569c6800 Uncommon trap: reason=class_check action=maybe_recompile pc=0x000000000304f2f8 method=com.sun.glass.ui.InvokeLaterDispatcher$Future.run()V @ 4
Event: 273.872 Thread 0x00000000569c6800 Uncommon trap: reason=class_check action=maybe_recompile pc=0x000000000304f2f8 method=com.sun.glass.ui.InvokeLaterDispatcher$Future.run()V @ 4

Internal exceptions (10 events):
Event: 4.598 Thread 0x00000000569c6800 Exception <a 'java/security/PrivilegedActionException'> (0x00000000eaae54e8) thrown at [D:\re\workspace\8-2-build-windows-amd64-cygwin\jdk8\685\hotspot\src\share\vm\prims\jvm.cpp, line 1248]
Event: 4.598 Thread 0x00000000569c6800 Exception <a 'java/security/PrivilegedActionException'> (0x00000000eaaea7b0) thrown at [D:\re\workspace\8-2-build-windows-amd64-cygwin\jdk8\685\hotspot\src\share\vm\prims\jvm.cpp, line 1248]
Event: 4.599 Thread 0x00000000569c6800 Exception <a 'java/security/PrivilegedActionException'> (0x00000000eaaef918) thrown at [D:\re\workspace\8-2-build-windows-amd64-cygwin\jdk8\685\hotspot\src\share\vm\prims\jvm.cpp, line 1248]
Event: 4.600 Thread 0x00000000569c6800 Exception <a 'java/security/PrivilegedActionException'> (0x00000000eaaf6678) thrown at [D:\re\workspace\8-2-build-windows-amd64-cygwin\jdk8\685\hotspot\src\share\vm\prims\jvm.cpp, line 1248]
Event: 4.601 Thread 0x00000000569c6800 Exception <a 'java/security/PrivilegedActionException'> (0x00000000eaafb3c8) thrown at [D:\re\workspace\8-2-build-windows-amd64-cygwin\jdk8\685\hotspot\src\share\vm\prims\jvm.cpp, line 1248]
Event: 4.601 Thread 0x00000000569c6800 Exception <a 'java/security/PrivilegedActionException'> (0x00000000eab01c18) thrown at [D:\re\workspace\8-2-build-windows-amd64-cygwin\jdk8\685\hotspot\src\share\vm\prims\jvm.cpp, line 1248]
Event: 4.603 Thread 0x00000000569c6800 Exception <a 'java/security/PrivilegedActionException'> (0x00000000eab06108) thrown at [D:\re\workspace\8-2-build-windows-amd64-cygwin\jdk8\685\hotspot\src\share\vm\prims\jvm.cpp, line 1248]
Event: 4.604 Thread 0x00000000569c6800 Exception <a 'java/security/PrivilegedActionException'> (0x00000000eab0d260) thrown at [D:\re\workspace\8-2-build-windows-amd64-cygwin\jdk8\685\hotspot\src\share\vm\prims\jvm.cpp, line 1248]
Event: 4.659 Thread 0x00000000569c6800 Exception <a 'java/security/PrivilegedActionException'> (0x00000000eabd1f08) thrown at [D:\re\workspace\8-2-build-windows-amd64-cygwin\jdk8\685\hotspot\src\share\vm\prims\jvm.cpp, line 1248]
Event: 96.970 Thread 0x00000000569c6800 Implicit null exception at 0x000000000301cc8c to 0x000000000301cd96

Events (10 events):
Event: 273.872 Thread 0x00000000569c6800 DEOPT UNPACKING pc=0x0000000002a37164 sp=0x00000000576beba0 mode 2
Event: 273.872 Thread 0x00000000569c6800 Uncommon trap: trap_request=0xffffffde fr.pc=0x000000000304f2f8
Event: 273.872 Thread 0x00000000569c6800 DEOPT PACKING pc=0x000000000304f2f8 sp=0x00000000576bebf0
Event: 273.872 Thread 0x00000000569c6800 DEOPT UNPACKING pc=0x0000000002a37164 sp=0x00000000576beba0 mode 2
Event: 273.902 loading class java/nio/DirectIntBufferU
Event: 273.921 loading class java/nio/DirectIntBufferU done
Event: 273.988 loading class com/sun/javafx/tk/quantum/SceneState$1
Event: 273.988 loading class com/sun/javafx/tk/quantum/SceneState$1 done
Event: 273.990 Executing VM operation: RevokeBias
Event: 273.991 Thread 0x0000000054e5c000 flushing nmethod 0x0000000002afd9d0


Dynamic libraries:
0x000000013fa70000 - 0x000000013faa4000 	C:\Program Files\Java\jdk1.8.0\bin\java.exe
0x00000000776c0000 - 0x0000000077869000 	C:\Windows\SYSTEM32\ntdll.dll
0x00000000774a0000 - 0x00000000775bf000 	C:\Windows\system32\kernel32.dll
0x000007fefc760000 - 0x000007fefc7cb000 	C:\Windows\system32\KERNELBASE.dll
0x000007fefccc0000 - 0x000007fefcd9b000 	C:\Windows\system32\ADVAPI32.dll
0x000007fefcb10000 - 0x000007fefcbaf000 	C:\Windows\system32\msvcrt.dll
0x000007fefecb0000 - 0x000007fefeccf000 	C:\Windows\SYSTEM32\sechost.dll
0x000007fefce90000 - 0x000007fefcfbd000 	C:\Windows\system32\RPCRT4.dll
0x00000000775c0000 - 0x00000000776ba000 	C:\Windows\system32\USER32.dll
0x000007fefcc50000 - 0x000007fefccb7000 	C:\Windows\system32\GDI32.dll
0x000007fefcae0000 - 0x000007fefcaee000 	C:\Windows\system32\LPK.dll
0x000007fefd2a0000 - 0x000007fefd369000 	C:\Windows\system32\USP10.dll
0x000007fefb160000 - 0x000007fefb354000 	C:\Windows\WinSxS\amd64_microsoft.windows.common-controls_6595b64144ccf1df_6.0.7601.17514_none_fa396087175ac9ac\COMCTL32.dll
0x000007fefd1d0000 - 0x000007fefd241000 	C:\Windows\system32\SHLWAPI.dll
0x000007fefd040000 - 0x000007fefd06e000 	C:\Windows\system32\IMM32.DLL
0x000007fefeab0000 - 0x000007fefebb9000 	C:\Windows\system32\MSCTF.dll
0x0000000063e60000 - 0x0000000063f32000 	C:\Program Files\Java\jdk1.8.0\jre\bin\msvcr100.dll
0x0000000062b20000 - 0x0000000063348000 	C:\Program Files\Java\jdk1.8.0\jre\bin\server\jvm.dll
0x000007fef6120000 - 0x000007fef6129000 	C:\Windows\system32\WSOCK32.dll
0x000007fefd250000 - 0x000007fefd29d000 	C:\Windows\system32\WS2_32.dll
0x000007fefcda0000 - 0x000007fefcda8000 	C:\Windows\system32\NSI.dll
0x000007fefa410000 - 0x000007fefa44b000 	C:\Windows\system32\WINMM.dll
0x0000000077890000 - 0x0000000077897000 	C:\Windows\system32\PSAPI.DLL
0x0000000064010000 - 0x000000006401f000 	C:\Program Files\Java\jdk1.8.0\jre\bin\verify.dll
0x0000000063fe0000 - 0x0000000064008000 	C:\Program Files\Java\jdk1.8.0\jre\bin\java.dll
0x0000000063fc0000 - 0x0000000063fd6000 	C:\Program Files\Java\jdk1.8.0\jre\bin\zip.dll
0x000007fefdd20000 - 0x000007fefeaa8000 	C:\Windows\system32\SHELL32.dll
0x000007fefd600000 - 0x000007fefd803000 	C:\Windows\system32\ole32.dll
0x000007fefc6b0000 - 0x000007fefc6bf000 	C:\Windows\system32\profapi.dll
0x000007fefa7c0000 - 0x000007fefa7d0000 	C:\Program Files (x86)\JetBrains\IntelliJ IDEA 12.1.6\bin\breakgen64.dll
0x0000000063fa0000 - 0x0000000063fb9000 	C:\Program Files\Java\jdk1.8.0\jre\bin\net.dll
0x000007fefbee0000 - 0x000007fefbf35000 	C:\Windows\system32\mswsock.dll
0x000007fefbed0000 - 0x000007fefbed7000 	C:\Windows\System32\wship6.dll
0x0000000063f70000 - 0x0000000063f97000 	C:\Program Files\Java\jdk1.8.0\jre\bin\prism_d3d.dll
0x000007fef7c60000 - 0x000007fef7e5f000 	C:\Windows\system32\d3d9.dll
0x000007fefb7f0000 - 0x000007fefb7fc000 	C:\Windows\system32\VERSION.dll
0x000007fef7c50000 - 0x000007fef7c57000 	C:\Windows\system32\d3d8thk.dll
0x000007fefab50000 - 0x000007fefab68000 	C:\Windows\system32\dwmapi.dll
0x000007fefaf80000 - 0x000007fefafd6000 	C:\Windows\system32\uxtheme.dll
0x000007feeac20000 - 0x000007feebd82000 	C:\Windows\system32\nvd3dumx.dll
0x0000000063e20000 - 0x0000000063e5f000 	C:\Program Files\Java\jdk1.8.0\jre\bin\glass.dll
0x000007fefd9f0000 - 0x000007fefda87000 	C:\Windows\system32\COMDLG32.dll
0x000007fefcdb0000 - 0x000007fefce87000 	C:\Windows\system32\OLEAUT32.dll
0x000007fefc5e0000 - 0x000007fefc5ef000 	C:\Windows\system32\CRYPTBASE.dll
0x000007fefa8c0000 - 0x000007fefa8ec000 	C:\Windows\system32\powrprof.dll
0x000007fefd810000 - 0x000007fefd9e7000 	C:\Windows\system32\SETUPAPI.dll
0x000007fefc970000 - 0x000007fefc9a6000 	C:\Windows\system32\CFGMGR32.dll
0x000007fefc9d0000 - 0x000007fefc9ea000 	C:\Windows\system32\DEVOBJ.dll
0x000007fef16e0000 - 0x000007fef1842000 	C:\Program Files (x86)\NVIDIA Corporation\3D Vision\nvSCPAPI64.dll
0x0000000180000000 - 0x000000018010d000 	C:\Windows\system32\nvspcap64.dll
0x000007fef8ad0000 - 0x000007fef8de4000 	C:\Windows\system32\nvapi64.dll
0x0000000063f50000 - 0x0000000063f62000 	C:\Program Files\Java\jdk1.8.0\jre\bin\javafx_font.dll
0x000007fef1540000 - 0x000007fef16d6000 	C:\Windows\system32\dwrite.dll
0x000007fefcbb0000 - 0x000007fefcc49000 	C:\Windows\system32\CLBCatQ.DLL
0x000007fefa9a0000 - 0x000007fefab01000 	C:\Windows\system32\WindowsCodecs.dll
0x000007fefc580000 - 0x000007fefc5d7000 	C:\Windows\system32\apphelp.dll
0x000007fef7350000 - 0x000007fef758b000 	C:\PROGRA~1\MICROS~2\Office15\GROOVEEX.DLL
0x0000000072790000 - 0x0000000072828000 	C:\Windows\system32\MSVCP100.dll
0x0000000073330000 - 0x000000007335b000 	C:\Windows\system32\ATL100.DLL
0x000007fef7030000 - 0x000007fef7347000 	C:\Windows\system32\msi.dll
0x000007fef3a10000 - 0x000007fef4285000 	C:\PROGRA~1\MICROS~2\Office15\1033\GrooveIntlResource.dll
0x0000000073310000 - 0x0000000073326000 	C:\Program Files\Common Files\TortoiseOverlays\TortoiseOverlays.dll
0x00000000025a0000 - 0x000000000261b000 	C:\Program Files\TortoiseHg\ThgShellx64.dll
0x000007fefede0000 - 0x000007fefee15000 	C:\Windows\system32\EhStorShell.dll
0x000007fefafe0000 - 0x000007fefb10c000 	C:\Windows\system32\PROPSYS.dll
0x000007fefed60000 - 0x000007fefedde000 	C:\Windows\System32\cscui.dll
0x000007fefed50000 - 0x000007fefed5c000 	C:\Windows\System32\CSCDLL.dll
0x000007fef5bd0000 - 0x000007fef5bdf000 	C:\Windows\system32\CSCAPI.dll
0x000007fef9c40000 - 0x000007fef9c6d000 	C:\Program Files\Common Files\Microsoft Shared\Ink\rtscom.dll
0x0000000061740000 - 0x0000000062b16000 	C:\Program Files\Java\jdk1.8.0\jre\bin\jfxwebkit.dll
0x000007fefbf40000 - 0x000007fefbf57000 	C:\Windows\system32\CRYPTSP.dll
0x000007fefbc40000 - 0x000007fefbc87000 	C:\Windows\system32\rsaenh.dll
0x000007fefb8c0000 - 0x000007fefb8c7000 	C:\Windows\System32\wshtcpip.dll
0x000007fefbd60000 - 0x000007fefbdbb000 	C:\Windows\system32\DNSAPI.dll
0x000007fef9e90000 - 0x000007fef9eb7000 	C:\Windows\system32\IPHLPAPI.DLL
0x000007fef9e80000 - 0x000007fef9e8b000 	C:\Windows\system32\WINNSI.DLL
0x000007fef5f10000 - 0x000007fef5f18000 	C:\Windows\system32\rasadhlp.dll
0x0000000063f40000 - 0x0000000063f50000 	C:\Program Files\Java\jdk1.8.0\jre\bin\prism_common.dll
0x000007fef9bb0000 - 0x000007fef9c03000 	C:\Windows\System32\fwpuclnt.dll

VM Arguments:
jvm_args: -Didea.launcher.port=7532 -Didea.launcher.bin.path=C:\Program Files (x86)\JetBrains\IntelliJ IDEA 12.1.6\bin -Dfile.encoding=UTF-8 
java_command: com.intellij.rt.execution.application.AppMain jfxtras.styles.jmetro.Main
java_class_path (initial): C:\Program Files\Java\jdk1.8.0\jre\lib\charsets.jar;C:\Program Files\Java\jdk1.8.0\jre\lib\deploy.jar;C:\Program Files\Java\jdk1.8.0\jre\lib\javaws.jar;C:\Program Files\Java\jdk1.8.0\jre\lib\jce.jar;C:\Program Files\Java\jdk1.8.0\jre\lib\jfr.jar;C:\Program Files\Java\jdk1.8.0\jre\lib\jsse.jar;C:\Program Files\Java\jdk1.8.0\jre\lib\management-agent.jar;C:\Program Files\Java\jdk1.8.0\jre\lib\plugin.jar;C:\Program Files\Java\jdk1.8.0\jre\lib\resources.jar;C:\Program Files\Java\jdk1.8.0\jre\lib\rt.jar;C:\Program Files\Java\jdk1.8.0\jre\lib\ext\access-bridge-64.jar;C:\Program Files\Java\jdk1.8.0\jre\lib\ext\cldrdata.jar;C:\Program Files\Java\jdk1.8.0\jre\lib\ext\dnsns.jar;C:\Program Files\Java\jdk1.8.0\jre\lib\ext\jaccess.jar;C:\Program Files\Java\jdk1.8.0\jre\lib\ext\jfxrt.jar;C:\Program Files\Java\jdk1.8.0\jre\lib\ext\localedata.jar;C:\Program Files\Java\jdk1.8.0\jre\lib\ext\nashorn.jar;C:\Program Files\Java\jdk1.8.0\jre\lib\ext\sunec.jar;C:\Program Files\Java\jdk1.8.0\jre\lib\ext\sunjce_provider.jar;C:\Program Files\Java\jdk1.8.0\jre\lib\ext\sunmscapi.jar;C:\Program Files\Java\jdk1.8.0\jre\lib\ext\sunpkcs11.jar;C:\Program Files\Java\jdk1.8.0\jre\lib\ext\zipfs.jar;C:\Users\Pedro\Documents\Jfxtras\jfxtras-styles\src\out\production\jmetro;C:\Users\Pedro\Documents\Jfxtras\lib\ScenicView.jar;C:\Program Files (x86)\JetBrains\IntelliJ IDEA 12.1.6\lib\idea_rt.jar
Launcher Type: SUN_STANDARD

Environment Variables:
CLASSPATH=.;C:\Program Files (x86)\Java\jre8\lib\ext\QTJava.zip
PATH=C:\Program Files (x86)\JetBrains\IntelliJ IDEA 12.1.6\bin\..\.\bin;C:\Program Files (x86)\NVIDIA Corporation\PhysX\Common;C:\Windows\system32;C:\Windows;C:\Windows\System32\Wbem;C:\Windows\System32\WindowsPowerShell\v1.0\;C:\Program Files\TortoiseHg\;C:\Program Files (x86)\QuickTime\QTSystem\;c:\program files (x86)\jetbrains\intellij idea 12.1.6\jre\jre\bin
USERNAME=Pedro
OS=Windows_NT
PROCESSOR_IDENTIFIER=Intel64 Family 6 Model 23 Stepping 6, GenuineIntel



---------------  S Y S T E M  ---------------

OS: Windows 7 , 64 bit Build 7601 Service Pack 1

CPU:total 2 (2 cores per cpu, 1 threads per core) family 6 model 23 stepping 6, cmov, cx8, fxsr, mmx, sse, sse2, sse3, ssse3, sse4.1, tsc

Memory: 4k page, physical 4189056k(100104k free), swap 9433272k(5128k free)

vm_info: Java HotSpot(TM) 64-Bit Server VM (25.0-b57) for windows-amd64 JRE (1.8.0-ea-b115), built on Nov  7 2013 08:14:09 by "java_re" with MS VC++ 10.0 (VS2010)

time: Wed Nov 13 21:56:31 2013
elapsed time: 274 seconds

